C51 COMPILER V9.60.7.0   LAB8_1                                                            03/12/2023 23:31:12 PAGE 1   


C51 COMPILER V9.60.7.0, COMPILATION OF MODULE LAB8_1
OBJECT MODULE PLACED IN .\Objects\lab8_1.obj
COMPILER INVOKED BY: C:\Keil_v5\C51\BIN\C51.EXE lab8_1.c OPTIMIZE(8,SPEED) BROWSE DEBUG OBJECTEXTEND PRINT(.\Listings\la
                    -b8_1.lst) TABS(2) OBJECT(.\Objects\lab8_1.obj)

line level    source

   1          #include <at89c5131.h>
   2          
   3          sbit LED=P3^6;
   4          
   5          //Functions prototype
   6          void timerdelay_ON(void);
   7          void timerdelay_OFF(void);
   8          
   9          /*
  10          The 8051 has two timers T0 and T1.
  11          When used as timers, the 8051 timers count up every 12th clock cycle.
  12          That means for oscillator clock of 24MHz the timer count increments at the rate 24MHz/12 i.e. 2MHz
  13          So one upcount in timer registers takes 0.5 microseconds.
  14          
  15          So to get 4ms delay we need to count for 4ms/0.5us = 8000 count
  16          
  17          Hexadecimal value of -8000 is E0C0H
  18          
  19          OR 
  20          
  21          8000 in hex will be 1F40 . So, 10000 - 1F40 = E0C0H
  22          
  23          */
  24          
  25          //Main function
  26          void main(void)
  27          {
  28   1        TMOD = 0x10; //Timer 1 in mod 1
  29   1        while(1)
  30   1        {
  31   2          LED = 1;
  32   2          timerdelay_ON();
  33   2          LED = 0;
  34   2          timerdelay_OFF();
  35   2        }
  36   1      
  37   1      }
  38          
  39          
  40          void timerdelay_ON(void)
  41          {
  42   1       TL1 = 0xC0; //Starting Count value
  43   1       TH1 = 0xE0;
  44   1       TR1 = 1; //Start bit indicates the counting starts
  45   1       while(TF1 == 0); //Checks overflow that is FFFFH to 0000H
  46   1       TR1 = 0; //Stops the timer
  47   1       TF1 = 0;
  48   1      }
  49          
  50          void timerdelay_OFF(void)
  51          {
  52   1       TL1 = 0x40; // 1000
  53   1       TH1 = 0xA2;
  54   1       TR1 = 1;
C51 COMPILER V9.60.7.0   LAB8_1                                                            03/12/2023 23:31:12 PAGE 2   

  55   1       while(TF1 == 0);
  56   1       TR1 = 0;
  57   1       TF1 = 0;
  58   1      }


MODULE INFORMATION:   STATIC OVERLAYABLE
   CODE SIZE        =     47    ----
   CONSTANT SIZE    =   ----    ----
   XDATA SIZE       =   ----    ----
   PDATA SIZE       =   ----    ----
   DATA SIZE        =   ----    ----
   IDATA SIZE       =   ----    ----
   BIT SIZE         =   ----    ----
END OF MODULE INFORMATION.


C51 COMPILATION COMPLETE.  0 WARNING(S),  0 ERROR(S)
