C51 COMPILER V9.60.7.0   LAB8_2                                                            03/13/2023 15:10:23 PAGE 1   


C51 COMPILER V9.60.7.0, COMPILATION OF MODULE LAB8_2
OBJECT MODULE PLACED IN .\Objects\lab8_2.obj
COMPILER INVOKED BY: C:\Keil_v5\C51\BIN\C51.EXE lab8_2.c OPTIMIZE(8,SPEED) BROWSE DEBUG OBJECTEXTEND PRINT(.\Listings\la
                    -b8_2.lst) TABS(2) OBJECT(.\Objects\lab8_2.obj)

line level    source

   1          #include <at89c5131.h>
   2          
   3          /*
   4          
   5          Two frequency simultaneously with timers in interrupts mode.
   6          
   7          First LED1 time period is 2ms.
   8          Second LED2 time period is 3ms.
   9          
  10          */
  11          
  12          sbit LED1=P3^6;
  13          sbit LED2=P3^7;
  14          
  15          
  16          void timer0_isr () interrupt 1
  17          {
  18   1         LED1 = ~LED1;
  19   1         TH0 =   0xF8;
  20   1         TL0 =   0x30;
  21   1         TR0 = 1;
  22   1         //Reload values for TH0 and TL0. Start timer 0.
  23   1      
  24   1      }
  25          
  26          void timer1_isr () interrupt 3
  27          {
  28   1         LED2 = ~LED2;
  29   1         TH1 =   0xF4;
  30   1         TL1 =   0x48;
  31   1         TR1 = 1;
  32   1         //Reload values for TH1 and TL1. Start timer 1.
  33   1         
  34   1      }
  35          
  36          //Main function
  37          void main(void)
  38          {
  39   1        TMOD =  0x11;//mode 1 timer 0 and timer 1
  40   1        TH0 =   0xF8;//Values for Timer 0 TH0
  41   1        TH1 =   0xF4;//Values for Timer 1 TH1
  42   1        TL0 =   0x30;//Values for Timer 0 TL0
  43   1        TL1 =   0x48;//Values for Timer 1 TL1
  44   1        ET0 = 1; //activate interrupts for both timers
  45   1        ET1 = 1;
  46   1        EA = 1;  //activate global interrupts
  47   1        TR0 = 1; //start timer 0
  48   1        TR1 = 1; //start timer 1
  49   1        
  50   1        while(1);
  51   1      }


MODULE INFORMATION:   STATIC OVERLAYABLE
C51 COMPILER V9.60.7.0   LAB8_2                                                            03/13/2023 15:10:23 PAGE 2   

   CODE SIZE        =     49    ----
   CONSTANT SIZE    =   ----    ----
   XDATA SIZE       =   ----    ----
   PDATA SIZE       =   ----    ----
   DATA SIZE        =   ----    ----
   IDATA SIZE       =   ----    ----
   BIT SIZE         =   ----    ----
END OF MODULE INFORMATION.


C51 COMPILATION COMPLETE.  0 WARNING(S),  0 ERROR(S)
