C51 COMPILER V9.60.7.0   SERIAL                                                            03/27/2023 14:05:17 PAGE 1   


C51 COMPILER V9.60.7.0, COMPILATION OF MODULE SERIAL
OBJECT MODULE PLACED IN .\Objects\serial.obj
COMPILER INVOKED BY: C:\Keil_v5\C51\BIN\C51.EXE serial.c OPTIMIZE(8,SPEED) BROWSE DEBUG OBJECTEXTEND PRINT(.\Listings\se
                    -rial.lst) TABS(2) OBJECT(.\Objects\serial.obj)

line level    source

   1          #include <at89c5131.h>
   2          
   3          bit tx_complete = 0,rx_complete = 0; //Bit flags for interrupts
   4          
   5          /**********************************************************
   6             uart_init(): 
   7            Initialization function to be completed
   8            Initializes UART peripheral for 8-bit transfer, 
   9            1 start and 1 stop bits. 
  10            
  11            Please write TH1 value for required baud rate
  12          ***********************************************************/  
  13          void uart_init(void)
  14          {
  15   1        TMOD=0x20;      //Configure Timer 1 in Mode 2
  16   1        TH1= 0xF3;          //Load TH1 to obtain require Baudrate (Refer Serial.pdf for calculations)
  17   1        SCON=0x40;      //Configure UART peripheral for 8-bit data transfer 
  18   1        ES = 1;                 //Enable Serial Interrupt
  19   1        EA = 1;             //Enable Global Interrupt
  20   1        TR1 = 1;                //Start Timer 1
  21   1        
  22   1      }
  23          
  24          
  25          /**********************************************************
  26             transmit_char(<unsigned char ch>): 
  27            Transmits a character using UART
  28          ***********************************************************/  
  29          void transmit_char(unsigned char ch)
  30          {
  31   1        SBUF=ch;        //Load data in SBUF
  32   1        while(!tx_complete);      //Wait for tx_complete flag (interrupt to complete)
  33   1        tx_complete = 0;    //Clear tx_complete flag 
  34   1      }
  35          
  36          
  37          /**********************************************************
  38             transmit_string(<String pointer>): 
  39            Transmit a string using UART
  40          ***********************************************************/  
  41          void transmit_string(unsigned char *s)
  42          {
  43   1        while(*s != 0)
  44   1        {
  45   2            transmit_char(*s++);
  46   2        }
  47   1      }
  48          
  49          
  50          /**********************************************************
  51             receive_char(): 
  52            Receives a character through UART. Returns a 
  53            character.
  54          ***********************************************************/    
C51 COMPILER V9.60.7.0   SERIAL                                                            03/27/2023 14:05:17 PAGE 2   

  55          unsigned char receive_char(void)
  56          {
  57   1        unsigned char ch = 0;
  58   1        while(!rx_complete);        //Wait for rx_complete(interrupt to complete)
  59   1        rx_complete = 0;
  60   1        ch = SBUF;          //Read data from SBUF
  61   1        return ch;          //Return read character
  62   1      }
  63          
  64          
  65          /**********************************************************
  66             Serial_ISR(): 
  67            Interrupt service routine for UART interrupt.
  68            Determines whether it is a transmit or receive
  69            interrupt and raise corresponding flag.
  70            Transmit or receive functions (defined above) monitor
  71            for these flags to check if data transfer is done.
  72          ***********************************************************/  
  73          void serial_ISR(void) interrupt 4
  74          {
  75   1          if(TI==1)     //check whether TI is set
  76   1          {
  77   2            TI = 0;     //Clear TI flag
  78   2            tx_complete = 1;  //Set tx_complete flag indicating interrupt completion
  79   2          }
  80   1          else if(RI==1)      //check whether RI is set
  81   1          {
  82   2            RI = 0;     //Clear RI flag
  83   2            rx_complete = 1;  //Set rx_complete flag indicating interrupt completion
  84   2          }
  85   1      }


MODULE INFORMATION:   STATIC OVERLAYABLE
   CODE SIZE        =     87    ----
   CONSTANT SIZE    =   ----    ----
   XDATA SIZE       =   ----    ----
   PDATA SIZE       =   ----    ----
   DATA SIZE        =   ----       3
   IDATA SIZE       =   ----    ----
   BIT SIZE         =      2    ----
END OF MODULE INFORMATION.


C51 COMPILATION COMPLETE.  0 WARNING(S),  0 ERROR(S)
